<?xml version="1.0" encoding="UTF-8"?>
<testng-results ignored="0" total="8" passed="8" failed="0" skipped="0">
  <reporter-output>
  </reporter-output>
  <suite started-at="2025-11-30T16:13:23 ALMT" name="All Test Suite" finished-at="2025-11-30T16:13:23 ALMT" duration-ms="169">
    <groups>
      <group name="regression">
        <method signature="testNG_practice.test2()[pri:0, instance:testNG_practice@13e344d]" name="test2" class="testNG_practice"/>
        <method signature="testNG_practice.test4()[pri:0, instance:testNG_practice@13e344d]" name="test4" class="testNG_practice"/>
        <method signature="testNG_practice.test5()[pri:0, instance:testNG_practice@13e344d]" name="test5" class="testNG_practice"/>
      </group> <!-- regression -->
      <group name="smoke">
        <method signature="testNG_practice.test1()[pri:0, instance:testNG_practice@13e344d]" name="test1" class="testNG_practice"/>
        <method signature="testNG_practice.test3()[pri:0, instance:testNG_practice@13e344d]" name="test3" class="testNG_practice"/>
        <method signature="testNG_practice.test5()[pri:0, instance:testNG_practice@13e344d]" name="test5" class="testNG_practice"/>
      </group> <!-- smoke -->
      <group name="sanity">
        <method signature="testNG_practice.test5()[pri:0, instance:testNG_practice@13e344d]" name="test5" class="testNG_practice"/>
      </group> <!-- sanity -->
    </groups>
    <test started-at="2025-11-30T16:13:23 ALMT" name="C:\Users\user\Desktop\qweqweqw" finished-at="2025-11-30T16:13:23 ALMT" duration-ms="169">
      <class name="testNG_practice">
        <test-method signature="test1()[pri:0, instance:testNG_practice@13e344d]" started-at="2025-11-30T16:13:23 ALMT" name="test1" finished-at="2025-11-30T16:13:23 ALMT" duration-ms="47" status="PASS">
          <reporter-output>
          </reporter-output>
        </test-method> <!-- test1 -->
        <test-method signature="test2()[pri:0, instance:testNG_practice@13e344d]" started-at="2025-11-30T16:13:23 ALMT" name="test2" finished-at="2025-11-30T16:13:23 ALMT" duration-ms="1" status="PASS">
          <reporter-output>
          </reporter-output>
        </test-method> <!-- test2 -->
        <test-method signature="test3()[pri:0, instance:testNG_practice@13e344d]" started-at="2025-11-30T16:13:23 ALMT" name="test3" finished-at="2025-11-30T16:13:23 ALMT" duration-ms="1" status="PASS">
          <reporter-output>
          </reporter-output>
        </test-method> <!-- test3 -->
        <test-method signature="test4()[pri:0, instance:testNG_practice@13e344d]" started-at="2025-11-30T16:13:23 ALMT" name="test4" finished-at="2025-11-30T16:13:23 ALMT" duration-ms="1" status="PASS">
          <reporter-output>
          </reporter-output>
        </test-method> <!-- test4 -->
        <test-method signature="test5()[pri:0, instance:testNG_practice@13e344d]" started-at="2025-11-30T16:13:23 ALMT" name="test5" finished-at="2025-11-30T16:13:23 ALMT" duration-ms="2" status="PASS">
          <reporter-output>
          </reporter-output>
        </test-method> <!-- test5 -->
        <test-method signature="testSum(int,int)[pri:0, instance:testNG_practice@13e344d]" started-at="2025-11-30T16:13:23 ALMT" name="testSum" data-provider="numbers" finished-at="2025-11-30T16:13:23 ALMT" duration-ms="2" status="PASS">
          <params>
            <param index="0">
              <value>
                <![CDATA[1]]>
              </value>
            </param>
            <param index="1">
              <value>
                <![CDATA[2]]>
              </value>
            </param>
          </params>
          <reporter-output>
          </reporter-output>
        </test-method> <!-- testSum -->
        <test-method signature="testSum(int,int)[pri:0, instance:testNG_practice@13e344d]" started-at="2025-11-30T16:13:23 ALMT" name="testSum" data-provider="numbers" finished-at="2025-11-30T16:13:23 ALMT" duration-ms="1" status="PASS">
          <params>
            <param index="0">
              <value>
                <![CDATA[5]]>
              </value>
            </param>
            <param index="1">
              <value>
                <![CDATA[7]]>
              </value>
            </param>
          </params>
          <reporter-output>
          </reporter-output>
        </test-method> <!-- testSum -->
        <test-method signature="testSum(int,int)[pri:0, instance:testNG_practice@13e344d]" started-at="2025-11-30T16:13:23 ALMT" name="testSum" data-provider="numbers" finished-at="2025-11-30T16:13:23 ALMT" duration-ms="2" status="PASS">
          <params>
            <param index="0">
              <value>
                <![CDATA[10]]>
              </value>
            </param>
            <param index="1">
              <value>
                <![CDATA[20]]>
              </value>
            </param>
          </params>
          <reporter-output>
          </reporter-output>
        </test-method> <!-- testSum -->
      </class> <!-- testNG_practice -->
    </test> <!-- C:\Users\user\Desktop\qweqweqw -->
  </suite> <!-- All Test Suite -->
</testng-results>
